<?xml version="1.0" encoding="UTF-8"?>
<testng-results skipped="0" failed="0" total="2" passed="2">
  <reporter-output>
  </reporter-output>
  <suite name="Default suite" duration-ms="50048" started-at="2017-12-12T18:00:19Z" finished-at="2017-12-12T18:01:09Z">
    <groups>
    </groups>
    <test name="Default test" duration-ms="50048" started-at="2017-12-12T18:00:19Z" finished-at="2017-12-12T18:01:09Z">
      <class name="com.qa.tests.GetAPITest">
        <test-method status="PASS" signature="setUp()[pri:0, instance:com.qa.tests.GetAPITest@445b84c0]" name="setUp" is-config="true" duration-ms="5" started-at="2017-12-12T23:30:19Z" finished-at="2017-12-12T23:30:19Z">
          <reporter-output>
          </reporter-output>
        </test-method> <!-- setUp -->
        <test-method status="PASS" signature="getTestWithOutHeaders()[pri:0, instance:com.qa.tests.GetAPITest@445b84c0]" name="getTestWithOutHeaders" duration-ms="31275" started-at="2017-12-12T23:30:19Z" finished-at="2017-12-12T23:30:50Z">
          <reporter-output>
          </reporter-output>
        </test-method> <!-- getTestWithOutHeaders -->
        <test-method status="PASS" signature="setUp()[pri:0, instance:com.qa.tests.GetAPITest@445b84c0]" name="setUp" is-config="true" duration-ms="0" started-at="2017-12-12T23:30:50Z" finished-at="2017-12-12T23:30:50Z">
          <reporter-output>
          </reporter-output>
        </test-method> <!-- setUp -->
        <test-method status="PASS" signature="getTestWithHeader()[pri:0, instance:com.qa.tests.GetAPITest@445b84c0]" name="getTestWithHeader" duration-ms="18756" started-at="2017-12-12T23:30:50Z" finished-at="2017-12-12T23:31:09Z">
          <reporter-output>
          </reporter-output>
        </test-method> <!-- getTestWithHeader -->
      </class> <!-- com.qa.tests.GetAPITest -->
    </test> <!-- Default test -->
  </suite> <!-- Default suite -->
</testng-results>
